<?xml version="1.0" encoding="UTF-8"?>
<coverage generated="1579878241366" clover="3.2.0">
  <project timestamp="1579878241366" name="All files">
    <metrics statements="15" coveredstatements="8" conditionals="6" coveredconditionals="0" methods="2" coveredmethods="1" elements="23" coveredelements="9" complexity="0" loc="15" ncloc="15" packages="1" files="1" classes="1"/>
    <file name="arrayShift.js" path="/mnt/c/Users/std28/codefellows/401/data-structures-and-algorithms/challenges/array-shift/arrayShift.js">
      <metrics statements="15" coveredstatements="8" conditionals="6" coveredconditionals="0" methods="2" coveredmethods="1"/>
      <line num="3" count="1" type="stmt"/>
      <line num="10" count="1" type="stmt"/>
      <line num="11" count="2" type="stmt"/>
      <line num="13" count="2" type="stmt"/>
      <line num="14" count="2" type="stmt"/>
      <line num="27" count="1" type="stmt"/>
      <line num="28" count="1" type="stmt"/>
      <line num="32" count="0" type="stmt"/>
      <line num="33" count="0" type="cond" truecount="0" falsecount="2"/>
      <line num="34" count="0" type="stmt"/>
      <line num="36" count="0" type="cond" truecount="0" falsecount="2"/>
      <line num="37" count="0" type="stmt"/>
      <line num="39" count="0" type="cond" truecount="0" falsecount="2"/>
      <line num="40" count="0" type="stmt"/>
      <line num="47" count="1" type="stmt"/>
    </file>
  </project>
</coverage>
