{"/mnt/c/Users/std28/codefellows/401/data-structures-and-algorithms/challenges/array-shift/arrayShift.js": {"path":"/mnt/c/Users/std28/codefellows/401/data-structures-and-algorithms/challenges/array-shift/arrayShift.js","statementMap":{"0":{"start":{"line":3,"column":16},"end":{"line":3,"column":35}},"1":{"start":{"line":10,"column":1},"end":{"line":16,"column":1}},"2":{"start":{"line":11,"column":22},"end":{"line":11,"column":49}},"3":{"start":{"line":13,"column":4},"end":{"line":13,"column":39}},"4":{"start":{"line":14,"column":4},"end":{"line":14,"column":16}},"5":{"start":{"line":27,"column":23},"end":{"line":27,"column":25}},"6":{"start":{"line":28,"column":0},"end":{"line":45,"column":1}},"7":{"start":{"line":32,"column":4},"end":{"line":44,"column":5}},"8":{"start":{"line":32,"column":21},"end":{"line":32,"column":22}},"9":{"start":{"line":33,"column":8},"end":{"line":42,"column":9}},"10":{"start":{"line":34,"column":12},"end":{"line":34,"column":49}},"11":{"start":{"line":36,"column":13},"end":{"line":42,"column":9}},"12":{"start":{"line":37,"column":12},"end":{"line":37,"column":42}},"13":{"start":{"line":39,"column":13},"end":{"line":42,"column":9}},"14":{"start":{"line":40,"column":12},"end":{"line":40,"column":53}},"15":{"start":{"line":47,"column":0},"end":{"line":47,"column":30}}},"fnMap":{"0":{"name":"(anonymous_0)","decl":{"start":{"line":10,"column":25},"end":{"line":10,"column":26}},"loc":{"start":{"line":10,"column":48},"end":{"line":16,"column":1}},"line":10},"1":{"name":"(anonymous_1)","decl":{"start":{"line":28,"column":29},"end":{"line":28,"column":30}},"loc":{"start":{"line":28,"column":48},"end":{"line":45,"column":1}},"line":28}},"branchMap":{"0":{"loc":{"start":{"line":33,"column":8},"end":{"line":42,"column":9}},"type":"if","locations":[{"start":{"line":33,"column":8},"end":{"line":42,"column":9}},{"start":{"line":33,"column":8},"end":{"line":42,"column":9}}],"line":33},"1":{"loc":{"start":{"line":36,"column":13},"end":{"line":42,"column":9}},"type":"if","locations":[{"start":{"line":36,"column":13},"end":{"line":42,"column":9}},{"start":{"line":36,"column":13},"end":{"line":42,"column":9}}],"line":36},"2":{"loc":{"start":{"line":39,"column":13},"end":{"line":42,"column":9}},"type":"if","locations":[{"start":{"line":39,"column":13},"end":{"line":42,"column":9}},{"start":{"line":39,"column":13},"end":{"line":42,"column":9}}],"line":39}},"s":{"0":1,"1":1,"2":2,"3":2,"4":2,"5":1,"6":1,"7":0,"8":0,"9":0,"10":0,"11":0,"12":0,"13":0,"14":0,"15":1},"f":{"0":2,"1":0},"b":{"0":[0,0],"1":[0,0],"2":[0,0]},"_coverageSchema":"1a1c01bbd47fc00a2c39e90264f33305004495a9","hash":"49dca8ad16889bc4ef81e71ffeb1d43ea5facdd2"}
}
