<?xml version="1.0" encoding="UTF-8"?>
<coverage generated="1579926885957" clover="3.2.0">
  <project timestamp="1579926885958" name="All files">
    <metrics statements="19" coveredstatements="15" conditionals="4" coveredconditionals="1" methods="3" coveredmethods="3" elements="26" coveredelements="19" complexity="0" loc="19" ncloc="19" packages="1" files="1" classes="1"/>
    <file name="arrayBinarySearch.js" path="/mnt/c/Users/std28/codefellows/401/data-structures-and-algorithms/challenges/array-binary-search/arrayBinarySearch.js">
      <metrics statements="19" coveredstatements="15" conditionals="4" coveredconditionals="1" methods="3" coveredmethods="3"/>
      <line num="2" count="1" type="stmt"/>
      <line num="5" count="1" type="stmt"/>
      <line num="7" count="1" type="stmt"/>
      <line num="9" count="25" type="stmt"/>
      <line num="17" count="1" type="stmt"/>
      <line num="18" count="2" type="stmt"/>
      <line num="19" count="2" type="stmt"/>
      <line num="20" count="2" type="stmt"/>
      <line num="21" count="2" type="stmt"/>
      <line num="22" count="2" type="stmt"/>
      <line num="24" count="2" type="stmt"/>
      <line num="26" count="2" type="stmt"/>
      <line num="28" count="2" type="cond" truecount="1" falsecount="1"/>
      <line num="29" count="2" type="stmt"/>
      <line num="32" count="0" type="cond" truecount="0" falsecount="2"/>
      <line num="33" count="0" type="stmt"/>
      <line num="36" count="0" type="stmt"/>
      <line num="40" count="0" type="stmt"/>
      <line num="45" count="1" type="stmt"/>
    </file>
  </project>
</coverage>
