{"/home/std28/data-structures-and-algorithms/challenges/ll-kth-from-end/lib/ll-kth-from-end.js": {"path":"/home/std28/data-structures-and-algorithms/challenges/ll-kth-from-end/lib/ll-kth-from-end.js","statementMap":{"0":{"start":{"line":6,"column":13},"end":{"line":6,"column":33}},"1":{"start":{"line":10,"column":4},"end":{"line":10,"column":21}},"2":{"start":{"line":11,"column":4},"end":{"line":11,"column":20}},"3":{"start":{"line":17,"column":15},"end":{"line":17,"column":30}},"4":{"start":{"line":19,"column":4},"end":{"line":43,"column":5}},"5":{"start":{"line":20,"column":6},"end":{"line":20,"column":23}},"6":{"start":{"line":21,"column":6},"end":{"line":21,"column":20}},"7":{"start":{"line":22,"column":6},"end":{"line":22,"column":18}},"8":{"start":{"line":31,"column":24},"end":{"line":31,"column":33}},"9":{"start":{"line":32,"column":6},"end":{"line":34,"column":7}},"10":{"start":{"line":33,"column":8},"end":{"line":33,"column":39}},"11":{"start":{"line":36,"column":6},"end":{"line":36,"column":20}},"12":{"start":{"line":38,"column":6},"end":{"line":38,"column":30}},"13":{"start":{"line":40,"column":6},"end":{"line":40,"column":18}},"14":{"start":{"line":48,"column":14},"end":{"line":48,"column":16}},"15":{"start":{"line":49,"column":22},"end":{"line":49,"column":31}},"16":{"start":{"line":51,"column":4},"end":{"line":54,"column":5}},"17":{"start":{"line":52,"column":6},"end":{"line":52,"column":34}},"18":{"start":{"line":53,"column":6},"end":{"line":53,"column":37}},"19":{"start":{"line":55,"column":4},"end":{"line":55,"column":38}},"20":{"start":{"line":56,"column":4},"end":{"line":56,"column":32}},"21":{"start":{"line":62,"column":11},"end":{"line":62,"column":27}},"22":{"start":{"line":66,"column":0},"end":{"line":66,"column":15}},"23":{"start":{"line":67,"column":0},"end":{"line":67,"column":15}},"24":{"start":{"line":68,"column":0},"end":{"line":68,"column":15}},"25":{"start":{"line":69,"column":0},"end":{"line":69,"column":15}},"26":{"start":{"line":70,"column":0},"end":{"line":70,"column":15}},"27":{"start":{"line":72,"column":0},"end":{"line":72,"column":25}},"28":{"start":{"line":78,"column":0},"end":{"line":78,"column":28}}},"fnMap":{"0":{"name":"(anonymous_0)","decl":{"start":{"line":9,"column":2},"end":{"line":9,"column":3}},"loc":{"start":{"line":9,"column":16},"end":{"line":12,"column":3}},"line":9},"1":{"name":"(anonymous_1)","decl":{"start":{"line":16,"column":2},"end":{"line":16,"column":3}},"loc":{"start":{"line":16,"column":16},"end":{"line":44,"column":3}},"line":16},"2":{"name":"(anonymous_2)","decl":{"start":{"line":46,"column":2},"end":{"line":46,"column":3}},"loc":{"start":{"line":46,"column":22},"end":{"line":59,"column":3}},"line":46}},"branchMap":{"0":{"loc":{"start":{"line":19,"column":4},"end":{"line":43,"column":5}},"type":"if","locations":[{"start":{"line":19,"column":4},"end":{"line":43,"column":5}},{"start":{"line":19,"column":4},"end":{"line":43,"column":5}}],"line":19}},"s":{"0":1,"1":3,"2":3,"3":11,"4":11,"5":3,"6":3,"7":3,"8":8,"9":8,"10":12,"11":8,"12":8,"13":8,"14":6,"15":6,"16":6,"17":26,"18":26,"19":6,"20":6,"21":1,"22":1,"23":1,"24":1,"25":1,"26":1,"27":1,"28":1},"f":{"0":3,"1":11,"2":6},"b":{"0":[3,8]},"_coverageSchema":"1a1c01bbd47fc00a2c39e90264f33305004495a9","hash":"a5bed2d2edf979044b267a9796d1aa0dcfe6c913"}
,"/home/std28/data-structures-and-algorithms/challenges/ll-kth-from-end/lib/node.js": {"path":"/home/std28/data-structures-and-algorithms/challenges/ll-kth-from-end/lib/node.js","statementMap":{"0":{"start":{"line":7,"column":4},"end":{"line":7,"column":24}},"1":{"start":{"line":9,"column":4},"end":{"line":9,"column":22}},"2":{"start":{"line":14,"column":0},"end":{"line":14,"column":23}}},"fnMap":{"0":{"name":"(anonymous_0)","decl":{"start":{"line":6,"column":2},"end":{"line":6,"column":3}},"loc":{"start":{"line":6,"column":21},"end":{"line":10,"column":3}},"line":6}},"branchMap":{},"s":{"0":11,"1":11,"2":1},"f":{"0":11},"b":{},"_coverageSchema":"1a1c01bbd47fc00a2c39e90264f33305004495a9","hash":"372c43e202e1456f3cd691f540556ccbf20b36bb"}
}
