{"/mnt/c/Users/std28/codefellows/401/data-structures-and-algorithms/breadth-first/breadth-first.js": {"path":"/mnt/c/Users/std28/codefellows/401/data-structures-and-algorithms/breadth-first/breadth-first.js","statementMap":{"0":{"start":{"line":5,"column":20},"end":{"line":27,"column":2}},"1":{"start":{"line":7,"column":5},"end":{"line":7,"column":26}},"2":{"start":{"line":7,"column":16},"end":{"line":7,"column":26}},"3":{"start":{"line":8,"column":20},"end":{"line":8,"column":22}},"4":{"start":{"line":9,"column":18},"end":{"line":24,"column":6}},"5":{"start":{"line":10,"column":7},"end":{"line":10,"column":32}},"6":{"start":{"line":11,"column":7},"end":{"line":11,"column":34}},"7":{"start":{"line":14,"column":9},"end":{"line":14,"column":27}},"8":{"start":{"line":14,"column":20},"end":{"line":14,"column":27}},"9":{"start":{"line":15,"column":9},"end":{"line":18,"column":10}},"10":{"start":{"line":16,"column":13},"end":{"line":16,"column":29}},"11":{"start":{"line":19,"column":9},"end":{"line":19,"column":46}},"12":{"start":{"line":20,"column":9},"end":{"line":20,"column":40}},"13":{"start":{"line":21,"column":9},"end":{"line":21,"column":37}},"14":{"start":{"line":22,"column":9},"end":{"line":22,"column":36}},"15":{"start":{"line":23,"column":9},"end":{"line":23,"column":37}},"16":{"start":{"line":25,"column":5},"end":{"line":25,"column":24}},"17":{"start":{"line":26,"column":5},"end":{"line":26,"column":19}},"18":{"start":{"line":55,"column":4},"end":{"line":55,"column":23}},"19":{"start":{"line":56,"column":4},"end":{"line":56,"column":21}},"20":{"start":{"line":57,"column":4},"end":{"line":57,"column":22}},"21":{"start":{"line":64,"column":4},"end":{"line":64,"column":21}},"22":{"start":{"line":69,"column":18},"end":{"line":69,"column":20}},"23":{"start":{"line":72,"column":16},"end":{"line":79,"column":5}},"24":{"start":{"line":74,"column":6},"end":{"line":74,"column":31}},"25":{"start":{"line":77,"column":6},"end":{"line":77,"column":38}},"26":{"start":{"line":77,"column":21},"end":{"line":77,"column":38}},"27":{"start":{"line":78,"column":6},"end":{"line":78,"column":40}},"28":{"start":{"line":78,"column":22},"end":{"line":78,"column":40}},"29":{"start":{"line":81,"column":4},"end":{"line":81,"column":21}},"30":{"start":{"line":82,"column":4},"end":{"line":82,"column":19}},"31":{"start":{"line":86,"column":18},"end":{"line":86,"column":20}},"32":{"start":{"line":88,"column":16},"end":{"line":92,"column":5}},"33":{"start":{"line":89,"column":6},"end":{"line":89,"column":38}},"34":{"start":{"line":89,"column":21},"end":{"line":89,"column":38}},"35":{"start":{"line":90,"column":6},"end":{"line":90,"column":31}},"36":{"start":{"line":91,"column":6},"end":{"line":91,"column":40}},"37":{"start":{"line":91,"column":22},"end":{"line":91,"column":40}},"38":{"start":{"line":93,"column":4},"end":{"line":93,"column":21}},"39":{"start":{"line":94,"column":4},"end":{"line":94,"column":19}},"40":{"start":{"line":99,"column":18},"end":{"line":99,"column":20}},"41":{"start":{"line":101,"column":16},"end":{"line":107,"column":5}},"42":{"start":{"line":102,"column":6},"end":{"line":102,"column":38}},"43":{"start":{"line":102,"column":21},"end":{"line":102,"column":38}},"44":{"start":{"line":104,"column":6},"end":{"line":104,"column":40}},"45":{"start":{"line":104,"column":22},"end":{"line":104,"column":40}},"46":{"start":{"line":105,"column":6},"end":{"line":105,"column":31}},"47":{"start":{"line":108,"column":4},"end":{"line":108,"column":21}},"48":{"start":{"line":109,"column":4},"end":{"line":109,"column":19}},"49":{"start":{"line":118,"column":4},"end":{"line":118,"column":21}},"50":{"start":{"line":122,"column":18},"end":{"line":122,"column":33}},"51":{"start":{"line":124,"column":4},"end":{"line":127,"column":5}},"52":{"start":{"line":125,"column":6},"end":{"line":125,"column":26}},"53":{"start":{"line":126,"column":6},"end":{"line":126,"column":23}},"54":{"start":{"line":129,"column":18},"end":{"line":148,"column":5}},"55":{"start":{"line":130,"column":6},"end":{"line":137,"column":7}},"56":{"start":{"line":131,"column":8},"end":{"line":136,"column":9}},"57":{"start":{"line":132,"column":10},"end":{"line":132,"column":37}},"58":{"start":{"line":135,"column":10},"end":{"line":135,"column":29}},"59":{"start":{"line":139,"column":6},"end":{"line":147,"column":7}},"60":{"start":{"line":140,"column":8},"end":{"line":145,"column":9}},"61":{"start":{"line":141,"column":10},"end":{"line":141,"column":38}},"62":{"start":{"line":143,"column":10},"end":{"line":143,"column":30}},"63":{"start":{"line":149,"column":4},"end":{"line":149,"column":23}},"64":{"start":{"line":150,"column":4},"end":{"line":150,"column":21}},"65":{"start":{"line":155,"column":20},"end":{"line":155,"column":22}},"66":{"start":{"line":157,"column":16},"end":{"line":169,"column":5}},"67":{"start":{"line":158,"column":6},"end":{"line":158,"column":66}},"68":{"start":{"line":158,"column":31},"end":{"line":158,"column":65}},"69":{"start":{"line":160,"column":6},"end":{"line":162,"column":7}},"70":{"start":{"line":161,"column":8},"end":{"line":161,"column":25}},"71":{"start":{"line":165,"column":6},"end":{"line":167,"column":7}},"72":{"start":{"line":166,"column":8},"end":{"line":166,"column":26}},"73":{"start":{"line":171,"column":4},"end":{"line":171,"column":22}},"74":{"start":{"line":174,"column":4},"end":{"line":178,"column":5}},"75":{"start":{"line":175,"column":6},"end":{"line":175,"column":18}},"76":{"start":{"line":177,"column":6},"end":{"line":177,"column":20}},"77":{"start":{"line":184,"column":0},"end":{"line":184,"column":68}}},"fnMap":{"0":{"name":"(anonymous_0)","decl":{"start":{"line":5,"column":20},"end":{"line":5,"column":21}},"loc":{"start":{"line":5,"column":35},"end":{"line":27,"column":2}},"line":5},"1":{"name":"(anonymous_1)","decl":{"start":{"line":9,"column":18},"end":{"line":9,"column":19}},"loc":{"start":{"line":9,"column":35},"end":{"line":24,"column":6}},"line":9},"2":{"name":"(anonymous_2)","decl":{"start":{"line":54,"column":2},"end":{"line":54,"column":3}},"loc":{"start":{"line":54,"column":21},"end":{"line":58,"column":3}},"line":54},"3":{"name":"(anonymous_3)","decl":{"start":{"line":63,"column":2},"end":{"line":63,"column":3}},"loc":{"start":{"line":63,"column":27},"end":{"line":65,"column":3}},"line":63},"4":{"name":"(anonymous_4)","decl":{"start":{"line":68,"column":2},"end":{"line":68,"column":3}},"loc":{"start":{"line":68,"column":13},"end":{"line":83,"column":3}},"line":68},"5":{"name":"(anonymous_5)","decl":{"start":{"line":72,"column":16},"end":{"line":72,"column":17}},"loc":{"start":{"line":72,"column":26},"end":{"line":79,"column":5}},"line":72},"6":{"name":"(anonymous_6)","decl":{"start":{"line":85,"column":2},"end":{"line":85,"column":3}},"loc":{"start":{"line":85,"column":12},"end":{"line":95,"column":3}},"line":85},"7":{"name":"(anonymous_7)","decl":{"start":{"line":88,"column":16},"end":{"line":88,"column":17}},"loc":{"start":{"line":88,"column":26},"end":{"line":92,"column":5}},"line":88},"8":{"name":"(anonymous_8)","decl":{"start":{"line":98,"column":2},"end":{"line":98,"column":3}},"loc":{"start":{"line":98,"column":14},"end":{"line":110,"column":3}},"line":98},"9":{"name":"(anonymous_9)","decl":{"start":{"line":101,"column":16},"end":{"line":101,"column":17}},"loc":{"start":{"line":101,"column":26},"end":{"line":107,"column":5}},"line":101},"10":{"name":"(anonymous_10)","decl":{"start":{"line":117,"column":2},"end":{"line":117,"column":3}},"loc":{"start":{"line":117,"column":27},"end":{"line":119,"column":3}},"line":117},"11":{"name":"(anonymous_11)","decl":{"start":{"line":121,"column":2},"end":{"line":121,"column":3}},"loc":{"start":{"line":121,"column":13},"end":{"line":151,"column":3}},"line":121},"12":{"name":"(anonymous_12)","decl":{"start":{"line":129,"column":18},"end":{"line":129,"column":19}},"loc":{"start":{"line":129,"column":28},"end":{"line":148,"column":5}},"line":129},"13":{"name":"(anonymous_13)","decl":{"start":{"line":154,"column":2},"end":{"line":154,"column":3}},"loc":{"start":{"line":154,"column":16},"end":{"line":180,"column":3}},"line":154},"14":{"name":"(anonymous_14)","decl":{"start":{"line":157,"column":16},"end":{"line":157,"column":17}},"loc":{"start":{"line":157,"column":25},"end":{"line":169,"column":5}},"line":157}},"branchMap":{"0":{"loc":{"start":{"line":7,"column":5},"end":{"line":7,"column":26}},"type":"if","locations":[{"start":{"line":7,"column":5},"end":{"line":7,"column":26}},{"start":{"line":7,"column":5},"end":{"line":7,"column":26}}],"line":7},"1":{"loc":{"start":{"line":14,"column":9},"end":{"line":14,"column":27}},"type":"if","locations":[{"start":{"line":14,"column":9},"end":{"line":14,"column":27}},{"start":{"line":14,"column":9},"end":{"line":14,"column":27}}],"line":14},"2":{"loc":{"start":{"line":15,"column":9},"end":{"line":18,"column":10}},"type":"if","locations":[{"start":{"line":15,"column":9},"end":{"line":18,"column":10}},{"start":{"line":15,"column":9},"end":{"line":18,"column":10}}],"line":15},"3":{"loc":{"start":{"line":63,"column":14},"end":{"line":63,"column":25}},"type":"default-arg","locations":[{"start":{"line":63,"column":21},"end":{"line":63,"column":25}}],"line":63},"4":{"loc":{"start":{"line":77,"column":6},"end":{"line":77,"column":38}},"type":"if","locations":[{"start":{"line":77,"column":6},"end":{"line":77,"column":38}},{"start":{"line":77,"column":6},"end":{"line":77,"column":38}}],"line":77},"5":{"loc":{"start":{"line":78,"column":6},"end":{"line":78,"column":40}},"type":"if","locations":[{"start":{"line":78,"column":6},"end":{"line":78,"column":40}},{"start":{"line":78,"column":6},"end":{"line":78,"column":40}}],"line":78},"6":{"loc":{"start":{"line":89,"column":6},"end":{"line":89,"column":38}},"type":"if","locations":[{"start":{"line":89,"column":6},"end":{"line":89,"column":38}},{"start":{"line":89,"column":6},"end":{"line":89,"column":38}}],"line":89},"7":{"loc":{"start":{"line":91,"column":6},"end":{"line":91,"column":40}},"type":"if","locations":[{"start":{"line":91,"column":6},"end":{"line":91,"column":40}},{"start":{"line":91,"column":6},"end":{"line":91,"column":40}}],"line":91},"8":{"loc":{"start":{"line":102,"column":6},"end":{"line":102,"column":38}},"type":"if","locations":[{"start":{"line":102,"column":6},"end":{"line":102,"column":38}},{"start":{"line":102,"column":6},"end":{"line":102,"column":38}}],"line":102},"9":{"loc":{"start":{"line":104,"column":6},"end":{"line":104,"column":40}},"type":"if","locations":[{"start":{"line":104,"column":6},"end":{"line":104,"column":40}},{"start":{"line":104,"column":6},"end":{"line":104,"column":40}}],"line":104},"10":{"loc":{"start":{"line":117,"column":14},"end":{"line":117,"column":25}},"type":"default-arg","locations":[{"start":{"line":117,"column":21},"end":{"line":117,"column":25}}],"line":117},"11":{"loc":{"start":{"line":124,"column":4},"end":{"line":127,"column":5}},"type":"if","locations":[{"start":{"line":124,"column":4},"end":{"line":127,"column":5}},{"start":{"line":124,"column":4},"end":{"line":127,"column":5}}],"line":124},"12":{"loc":{"start":{"line":130,"column":6},"end":{"line":137,"column":7}},"type":"if","locations":[{"start":{"line":130,"column":6},"end":{"line":137,"column":7}},{"start":{"line":130,"column":6},"end":{"line":137,"column":7}}],"line":130},"13":{"loc":{"start":{"line":131,"column":8},"end":{"line":136,"column":9}},"type":"if","locations":[{"start":{"line":131,"column":8},"end":{"line":136,"column":9}},{"start":{"line":131,"column":8},"end":{"line":136,"column":9}}],"line":131},"14":{"loc":{"start":{"line":139,"column":6},"end":{"line":147,"column":7}},"type":"if","locations":[{"start":{"line":139,"column":6},"end":{"line":147,"column":7}},{"start":{"line":139,"column":6},"end":{"line":147,"column":7}}],"line":139},"15":{"loc":{"start":{"line":140,"column":8},"end":{"line":145,"column":9}},"type":"if","locations":[{"start":{"line":140,"column":8},"end":{"line":145,"column":9}},{"start":{"line":140,"column":8},"end":{"line":145,"column":9}}],"line":140},"16":{"loc":{"start":{"line":158,"column":6},"end":{"line":158,"column":66}},"type":"if","locations":[{"start":{"line":158,"column":6},"end":{"line":158,"column":66}},{"start":{"line":158,"column":6},"end":{"line":158,"column":66}}],"line":158},"17":{"loc":{"start":{"line":160,"column":6},"end":{"line":162,"column":7}},"type":"if","locations":[{"start":{"line":160,"column":6},"end":{"line":162,"column":7}},{"start":{"line":160,"column":6},"end":{"line":162,"column":7}}],"line":160},"18":{"loc":{"start":{"line":160,"column":9},"end":{"line":160,"column":40}},"type":"binary-expr","locations":[{"start":{"line":160,"column":9},"end":{"line":160,"column":27}},{"start":{"line":160,"column":31},"end":{"line":160,"column":40}}],"line":160},"19":{"loc":{"start":{"line":165,"column":6},"end":{"line":167,"column":7}},"type":"if","locations":[{"start":{"line":165,"column":6},"end":{"line":167,"column":7}},{"start":{"line":165,"column":6},"end":{"line":167,"column":7}}],"line":165},"20":{"loc":{"start":{"line":165,"column":9},"end":{"line":165,"column":41}},"type":"binary-expr","locations":[{"start":{"line":165,"column":9},"end":{"line":165,"column":27}},{"start":{"line":165,"column":31},"end":{"line":165,"column":41}}],"line":165},"21":{"loc":{"start":{"line":174,"column":4},"end":{"line":178,"column":5}},"type":"if","locations":[{"start":{"line":174,"column":4},"end":{"line":178,"column":5}},{"start":{"line":174,"column":4},"end":{"line":178,"column":5}}],"line":174}},"s":{"0":1,"1":1,"2":0,"3":1,"4":1,"5":13,"6":13,"7":13,"8":7,"9":6,"10":3,"11":6,"12":6,"13":6,"14":6,"15":6,"16":1,"17":1,"18":6,"19":6,"20":6,"21":1,"22":0,"23":0,"24":0,"25":0,"26":0,"27":0,"28":0,"29":0,"30":0,"31":0,"32":0,"33":0,"34":0,"35":0,"36":0,"37":0,"38":0,"39":0,"40":0,"41":0,"42":0,"43":0,"44":0,"45":0,"46":0,"47":0,"48":0,"49":0,"50":0,"51":0,"52":0,"53":0,"54":0,"55":0,"56":0,"57":0,"58":0,"59":0,"60":0,"61":0,"62":0,"63":0,"64":0,"65":0,"66":0,"67":0,"68":0,"69":0,"70":0,"71":0,"72":0,"73":0,"74":0,"75":0,"76":0,"77":1},"f":{"0":1,"1":13,"2":6,"3":1,"4":0,"5":0,"6":0,"7":0,"8":0,"9":0,"10":0,"11":0,"12":0,"13":0,"14":0},"b":{"0":[0,1],"1":[7,6],"2":[3,3],"3":[0],"4":[0,0],"5":[0,0],"6":[0,0],"7":[0,0],"8":[0,0],"9":[0,0],"10":[0],"11":[0,0],"12":[0,0],"13":[0,0],"14":[0,0],"15":[0,0],"16":[0,0],"17":[0,0],"18":[0,0],"19":[0,0],"20":[0,0],"21":[0,0]},"_coverageSchema":"1a1c01bbd47fc00a2c39e90264f33305004495a9","hash":"d2e142589fdc33c8a5b5a2ebe17d6eef182660cf"}
}
