TN:
SF:challenges/ll-kth-from-end/lib/ll-kth-from-end.js
FN:9,(anonymous_0)
FN:16,(anonymous_1)
FN:46,(anonymous_2)
FNF:3
FNH:3
FNDA:2,(anonymous_0)
FNDA:10,(anonymous_1)
FNDA:4,(anonymous_2)
DA:6,1
DA:10,2
DA:11,2
DA:17,10
DA:19,10
DA:20,2
DA:21,2
DA:22,2
DA:31,8
DA:32,8
DA:33,12
DA:36,8
DA:38,8
DA:40,8
DA:48,4
DA:49,4
DA:51,4
DA:52,20
DA:53,20
DA:55,4
DA:56,4
DA:62,1
DA:66,1
DA:67,1
DA:68,1
DA:69,1
DA:70,1
DA:72,1
DA:78,1
LF:29
LH:29
BRDA:19,0,0,2
BRDA:19,0,1,8
BRF:2
BRH:2
end_of_record
TN:
SF:challenges/ll-kth-from-end/lib/node.js
FN:6,(anonymous_0)
FNF:1
FNH:1
FNDA:10,(anonymous_0)
DA:7,10
DA:9,10
DA:14,1
LF:3
LH:3
BRF:0
BRH:0
end_of_record
