TN:
SF:challenges/ll-insertions/insert.js
FN:4,(anonymous_0)
FN:8,(anonymous_1)
FN:29,(anonymous_2)
FN:38,(anonymous_3)
FN:43,(anonymous_4)
FNF:5
FNH:5
FNDA:2,(anonymous_0)
FNDA:5,(anonymous_1)
FNDA:1,(anonymous_2)
FNDA:4,(anonymous_3)
FNDA:1,(anonymous_4)
DA:2,1
DA:5,2
DA:6,2
DA:9,5
DA:11,5
DA:12,2
DA:13,2
DA:14,2
DA:17,3
DA:18,3
DA:19,1
DA:22,3
DA:23,3
DA:24,3
DA:30,1
DA:31,1
DA:32,1
DA:33,4
DA:34,4
DA:38,4
DA:44,1
DA:49,1
DA:50,0
DA:53,1
DA:54,1
DA:55,0
DA:56,0
DA:57,0
DA:61,1
DA:63,1
DA:64,1
DA:65,1
DA:66,1
DA:68,0
DA:94,1
LF:35
LH:30
BRDA:11,0,0,2
BRDA:11,0,1,3
BRDA:49,1,0,0
BRDA:49,1,1,1
BRDA:54,2,0,0
BRDA:54,2,1,1
BRDA:63,3,0,1
BRDA:63,3,1,0
BRF:8
BRH:5
end_of_record
TN:
SF:challenges/ll-insertions/node.js
FN:6,(anonymous_0)
FNF:1
FNH:1
FNDA:6,(anonymous_0)
DA:7,6
DA:9,6
DA:14,1
LF:3
LH:3
BRF:0
BRH:0
end_of_record
